Rufus x86 v3.17.1846 (Portable)
Windows version: Windows 10 (Unknown Edition 0x64), 64-bit (Build 19043.1348)
Syslinux versions: 4.07/2013-07-25, 6.04/pre1
Grub versions: 0.4.6a, 2.06
System locale ID: 0x0809 (en-GB)
Will use default UI locale 0x0809
SetLGP: Successfully set NoDriveTypeAutorun policy to 0x0000009E
Localization set to 'en-US'
Found USB 2.0 device 'hp v165w USB Device' (03F0:5307)
1 device found
Disk type: Removable, Disk size: 16 GB, Sector size: 512 bytes
Cylinders: 1950, Tracks per cylinder: 255, Sectors per track: 63
Partition type: MBR, NB Partitions: 1
Disk ID: 0x04030201
Drive has an unknown Master Boot Record
Partition 1:
  Type: FAT32 LBA (0x0c)
  Size: 14.9 GB (16037814272 bytes)
  Start Sector: 10544, Boot: No
Found USB 2.0 device 'hp v165w USB Device' (03F0:5307)
1 device found
Disk type: Removable, Disk size: 16 GB, Sector size: 512 bytes
Cylinders: 1950, Tracks per cylinder: 255, Sectors per track: 63
Partition type: MBR, NB Partitions: 1
Disk ID: 0x04030201
Drive has an unknown Master Boot Record
Partition 1:
  Type: FAT32 LBA (0x0c)
  Size: 14.9 GB (16037814272 bytes)
  Start Sector: 10544, Boot: No
Checking for Rufus updates...
Checking release channel...
No new release version found.
Found USB 2.0 device 'hp v165w USB Device' (03F0:5307)
Found UAS (USB 3.0) device 'ST350041 3AS SCSI Disk Device' (7825:A2A4)
Device eliminated because it was detected as a Hard Drive (score 13 > 0)
If this device is not a Hard Drive, please e-mail the author of this application
NOTE: You can enable the listing of Hard Drives under 'advanced drive properties'
1 device found
Disk type: Removable, Disk size: 16 GB, Sector size: 512 bytes
Cylinders: 1950, Tracks per cylinder: 255, Sectors per track: 63
Partition type: MBR, NB Partitions: 1
Disk ID: 0x04030201
Drive has an unknown Master Boot Record
Partition 1:
  Type: FAT32 LBA (0x0c)
  Size: 14.9 GB (16037814272 bytes)
  Start Sector: 10544, Boot: No
Found USB 2.0 device 'hp v165w USB Device' (03F0:5307)
Found UAS (USB 3.0) device 'ST350041 3AS SCSI Disk Device' (7825:A2A4)
Device eliminated because it was detected as a Hard Drive (score 13 > 0)
If this device is not a Hard Drive, please e-mail the author of this application
NOTE: You can enable the listing of Hard Drives under 'advanced drive properties'
1 device found
Disk type: Removable, Disk size: 16 GB, Sector size: 512 bytes
Cylinders: 1950, Tracks per cylinder: 255, Sectors per track: 63
Partition type: MBR, NB Partitions: 1
Disk ID: 0x04030201
Drive has an unknown Master Boot Record
Partition 1:
  Type: FAT32 LBA (0x0c)
  Size: 14.9 GB (16037814272 bytes)
  Start Sector: 10544, Boot: No
Scanning image...
ISO analysis:
  Image is a UDF image
Disk image analysis:
  Image does not have a Boot Marker
ISO label: 'GRMCULFRER_EN_DVD'
  Size: 2.4 GB (Projected)
  Uses: Bootmgr (BIOS only)
  Uses: Install.wim (version 0.13.1)
Using image: Win_7_32Bit.iso (2.4 GB)

Format operation started
Requesting disk access...
Will use 'F:' as volume mountpoint
Opened \\.\PhysicalDrive1 for exclusive write access
Analyzing existing boot records...
Drive has an unknown Master Boot Record
Clearing MBR/PBR/GPT structures...
Erasing 128 sectors
Initializing disk...
Partitioning (MBR)...
● Creating Main Data Partition (offset: 1048576, size: 14.9 GB)
Waiting for logical drive to reappear...
Formatting to NTFS (using IFS)
Using cluster size: 4096 bytes
Quick format was selected
Creating file system...
Format completed.
Writing Master Boot Record...
Set bootable USB partition as 0x80
Using Rufus MBR
Found volume \\?\Volume{118e5221-426d-11ec-9bcb-646e69d68d0c}\
Disabling file indexing...
Opened \\?\Volume{118e5221-426d-11ec-9bcb-646e69d68d0c} for exclusive write access
Writing Partition Boot Record...
Using Standard NTFS partition boot record
Confirmed new volume has an NTFS boot sector
Successfully remounted \\?\Volume{118e5221-426d-11ec-9bcb-646e69d68d0c}\ as F:
Extracting files...
Image is a UDF image
Extracting: F:\autorun.inf (43 bytes)
Extracting: F:\boot\bcd (256 KB)
Extracting: F:\boot\boot.sdi (3 MB)
Extracting: F:\boot\bootfix.bin (1 KB)
Extracting: F:\boot\bootsect.exe (95 KB)
Extracting: F:\boot\en-us\bootsect.exe.mui (15.5 KB)
Extracting: F:\boot\etfsboot.com (4 KB)
Extracting: F:\boot\fonts\chs_boot.ttf (3.5 MB)
Extracting: F:\boot\fonts\cht_boot.ttf (3.7 MB)
Extracting: F:\boot\fonts\jpn_boot.ttf (1.9 MB)
Extracting: F:\boot\fonts\kor_boot.ttf (2.3 MB)
Extracting: F:\boot\fonts\wgl4_boot.ttf (46.3 KB)
Extracting: F:\boot\memtest.exe (474.4 KB)
Extracting: F:\bootmgr (374.8 KB)
Extracting: F:\efi\microsoft\boot\bcd (256 KB)
Extracting: F:\efi\microsoft\boot\fonts\chs_boot.ttf (3.5 MB)
Extracting: F:\efi\microsoft\boot\fonts\cht_boot.ttf (3.7 MB)
Extracting: F:\efi\microsoft\boot\fonts\jpn_boot.ttf (1.9 MB)
Extracting: F:\efi\microsoft\boot\fonts\kor_boot.ttf (2.3 MB)
Extracting: F:\efi\microsoft\boot\fonts\wgl4_boot.ttf (46.3 KB)
Extracting: F:\setup.exe (109.8 KB)
Extracting: F:\sources\actionqueue.dll (175 KB)
Extracting: F:\sources\admtv3check.dll (63 KB)
Extracting: F:\sources\alert.gif (1 KB)
Extracting: F:\sources\apds.dll (1.7 MB)
Extracting: F:\sources\apircl.dll (216 KB)
Extracting: F:\sources\appcompat.xsl (11.4 KB)
Extracting: F:\sources\appcompat_bidi.xsl (12.2 KB)
Extracting: F:\sources\appcompat_detailed.xsl (13.4 KB)
Extracting: F:\sources\appcompat_detailed_bidi.xsl (13.4 KB)
Extracting: F:\sources\appcompat_detailed_bidi_txt.xsl (13.1 KB)
Extracting: F:\sources\appcompat_detailed_txt.xsl (13 KB)
Extracting: F:\sources\apss.dll (195.5 KB)
Extracting: F:\sources\arunimg.dll (959 KB)
Extracting: F:\sources\arunres.dll (4 KB)
Extracting: F:\sources\autorun.dll (121 KB)
Extracting: F:\sources\background_cli.bmp (2.3 MB)
Extracting: F:\sources\boot.wim (138 MB)
Extracting: F:\sources\cbscore.dll (825.5 KB)
Extracting: F:\sources\cbsmsg.dll (28 KB)
Extracting: F:\sources\cdplib.mof (1.9 KB)
Extracting: F:\sources\cdplibuninstall.mof (571 bytes)
Extracting: F:\sources\cmiadapter.dll (117.5 KB)
Extracting: F:\sources\cmisetup.dll (262 KB)
Extracting: F:\sources\cmitrust.dll (289.5 KB)
Extracting: F:\sources\cmiv2.dll (1.9 MB)
Extracting: F:\sources\cntrtextinstaller.dll (140.5 KB)
Extracting: F:\sources\compatprovider.dll (138 KB)
Extracting: F:\sources\compliance.ini (476 bytes)
Extracting: F:\sources\compres.dll (10 KB)
Extracting: F:\sources\cryptosetup.dll (17 KB)
Extracting: F:\sources\cversion.ini (49 bytes)
Extracting: F:\sources\diager.dll (31.5 KB)
Extracting: F:\sources\diagnostic.dll (132.5 KB)
Extracting: F:\sources\dism.exe (198 KB)
Extracting: F:\sources\dismcore.dll (225.5 KB)
Extracting: F:\sources\dismcoreps.dll (49.5 KB)
Extracting: F:\sources\dismhost.exe (81 KB)
Extracting: F:\sources\dismprov.dll (138 KB)
Extracting: F:\sources\dlmanifests\accessibilitycpl-dl.man (4.3 KB)
Extracting: F:\sources\dlmanifests\activedirectory-webservices-dl.man (667 bytes)
Extracting: F:\sources\dlmanifests\activedirectory-wmireplicationprovider-dl.man (1.6 KB)
Extracting: F:\sources\dlmanifests\adfs-federationservice-dl.man (2.3 KB)
Extracting: F:\sources\dlmanifests\adfs-federationserviceproxy-dl.man (2.3 KB)
Extracting: F:\sources\dlmanifests\adfs-webagentclaims-dl.man (2.0 KB)
Extracting: F:\sources\dlmanifests\adfs-webagenttoken-dl.man (2.3 KB)
Extracting: F:\sources\dlmanifests\adminui-dl.man (2.6 KB)
Extracting: F:\sources\dlmanifests\adsi-ldap-extensions-dl.man (3.6 KB)
Extracting: F:\sources\dlmanifests\adsi-ldap-provider-dl.man (1.6 KB)
Extracting: F:\sources\dlmanifests\adsi-router-dl.man (1.9 KB)
Extracting: F:\sources\dlmanifests\adsi-winnt-provider-dl.man (1.6 KB)
Extracting: F:\sources\dlmanifests\application_experience-infrastructure-dl.man (2.2 KB)
Extracting: F:\sources\dlmanifests\authui-dl.man (2.1 KB)
Extracting: F:\sources\dlmanifests\bitsextensions-server\bitsmig.dll (60 KB)
Extracting: F:\sources\dlmanifests\bitsextensions-server-console-dl.man (2.3 KB)
Extracting: F:\sources\dlmanifests\bitsextensions-server-dl.man (2.2 KB)
Extracting: F:\sources\dlmanifests\bluetooth-config-dl.man (1.4 KB)
Extracting: F:\sources\dlmanifests\browserservice-dl.man (3.1 KB)
Extracting: F:\sources\dlmanifests\capi2_certs-dl.man (3.4 KB)
Extracting: F:\sources\dlmanifests\commandprompt-dl.man (2.8 KB)
Extracting: F:\sources\dlmanifests\coreos-dl.man (2 KB)
Extracting: F:\sources\dlmanifests\credential-manager-dl.man (2.2 KB)
Extracting: F:\sources\dlmanifests\crypto_keys-dl.man (2.9 KB)
Extracting: F:\sources\dlmanifests\cryptoconfig-dl.man (1.4 KB)
Extracting: F:\sources\dlmanifests\dfsclient-dl.man (1.6 KB)
Extracting: F:\sources\dlmanifests\dfsmgmt-dl.man (2 KB)
Extracting: F:\sources\dlmanifests\dfsn-serverservice-dl.man (4.2 KB)
Extracting: F:\sources\dlmanifests\dhcpclient-dl.man (1.5 KB)
Extracting: F:\sources\dlmanifests\dhcpservermigplugin-dl.man (4.1 KB)
Extracting: F:\sources\dlmanifests\directoryservices-adam-dl.man (2.5 KB)
Extracting: F:\sources\dlmanifests\directoryservices-domain-dl.man (2.3 KB)
Extracting: F:\sources\dlmanifests\directoryservices-ism-smtp-dl.man (2.2 KB)
Extracting: F:\sources\dlmanifests\dns-client-dl.man (3.7 KB)
Extracting: F:\sources\dlmanifests\dns-server-service-dl.man (2.3 KB)
Extracting: F:\sources\dlmanifests\dpapi_keys-dl.man (4.4 KB)
Extracting: F:\sources\dlmanifests\drm-dl.man (1.7 KB)
Extracting: F:\sources\dlmanifests\errorreportingcore-dl.man (1.9 KB)
Extracting: F:\sources\dlmanifests\errorreportingfaults-dl.man (1.1 KB)
Extracting: F:\sources\dlmanifests\etw-core-dl.man (1.3 KB)
Extracting: F:\sources\dlmanifests\eudcedit-dl.man (1.5 KB)
Extracting: F:\sources\dlmanifests\eventcollector-dl.man (1.6 KB)
Extracting: F:\sources\dlmanifests\eventlog-dl.man (1.7 KB)
Extracting: F:\sources\dlmanifests\evntagnt-dl.man (1.9 KB)
Extracting: F:\sources\dlmanifests\explorer-dl.man (2.5 KB)
Extracting: F:\sources\dlmanifests\extensibleauthenticationprotocolhostservice-dl.man (1.6 KB)
Extracting: F:\sources\dlmanifests\feclient-dl.man (1.6 KB)
Extracting: F:\sources\dlmanifests\fonts-type1-dl.man (788 bytes)
Extracting: F:\sources\dlmanifests\frs-core-dl.man (4.3 KB)
Extracting: F:\sources\dlmanifests\gpbase-dl.man (7.0 KB)
Extracting: F:\sources\dlmanifests\gpmc-dl.man (1.4 KB)
Extracting: F:\sources\dlmanifests\gpmgmt-dl.man (1.5 KB)
Extracting: F:\sources\dlmanifests\grouppolicy-admin-gpedit-dl.man (1.4 KB)
Extracting: F:\sources\dlmanifests\grouppolicy-admin-gpedit-snapin-dl.man (1.4 KB)
Extracting: F:\sources\dlmanifests\grouppolicy-cse-softwareinstallation-dl.man (1.9 KB)
Extracting: F:\sources\dlmanifests\grouppolicy-serveradmintools-gpmc-dl.man (1.6 KB)
Extracting: F:\sources\dlmanifests\http-dl.man (1.2 KB)
Extracting: F:\sources\dlmanifests\iasmigplugin-dl.man (4 KB)
Extracting: F:\sources\dlmanifests\ieframe-dl.man (1.1 KB)
Extracting: F:\sources\dlmanifests\ime-simplified-chinese-migration-dl.man (1.4 KB)
Extracting: F:\sources\dlmanifests\ime-traditional-chinese-migration-dl.man (1.5 KB)
Extracting: F:\sources\dlmanifests\international-core-dl.man (3.4 KB)
Extracting: F:\sources\dlmanifests\international-timezones-dl.man (17.7 KB)
Extracting: F:\sources\dlmanifests\internet-naming-service-runtime-dl.man (5.4 KB)
Extracting: F:\sources\dlmanifests\ipsec-svc-dl.man (2.3 KB)
Extracting: F:\sources\dlmanifests\isns_service-dl.man (1.7 KB)
Extracting: F:\sources\dlmanifests\jet2x3x-dl.man (5.4 KB)
Extracting: F:\sources\dlmanifests\jetcore-dl.man (5.9 KB)
Extracting: F:\sources\dlmanifests\jetexcel-dl.man (5.7 KB)
Extracting: F:\sources\dlmanifests\jetexchlotus-dl.man (7.6 KB)
Extracting: F:\sources\dlmanifests\jettext-dl.man (6 KB)
Extracting: F:\sources\dlmanifests\jetxbasepdx-dl.man (12.5 KB)
Extracting: F:\sources\dlmanifests\kerberos-key-distribution-center-dl.man (2 KB)
Extracting: F:\sources\dlmanifests\ldap-client-dl.man (1.4 KB)
Extracting: F:\sources\dlmanifests\mediaserver-aspadmin-migration-dl.man (1 KB)
Extracting: F:\sources\dlmanifests\mediaserver-migration-dl.man (2.4 KB)
Extracting: F:\sources\dlmanifests\mediaserver-multicast-migration-dl.man (1015 bytes)
Extracting: F:\sources\dlmanifests\microsoft-activedirectory-webservices-dl\adwsmigrate.dll (62 KB)
Extracting: F:\sources\dlmanifests\microsoft-windows-adfs-dl\adfsmig.dll (73 KB)
Extracting: F:\sources\dlmanifests\microsoft-windows-bits-client-dl.man (1.6 KB)
Extracting: F:\sources\dlmanifests\microsoft-windows-bluetooth-config\bthmigplugin.dll (74 KB)
Extracting: F:\sources\dlmanifests\microsoft-windows-certificateservices-ca-dl.man (1.8 KB)
Extracting: F:\sources\dlmanifests\microsoft-windows-certificateservices-camanagement-dl.man (1.4 KB)
Extracting: F:\sources\dlmanifests\microsoft-windows-certificateservices-mscep-dl.man (1.7 KB)
Extracting: F:\sources\dlmanifests\microsoft-windows-com-complus-setup-dl\commig.dll (54 KB)
Extracting: F:\sources\dlmanifests\microsoft-windows-com-dtc-setup-dl\msdtcstp.dll (63.5 KB)
Extracting: F:\sources\dlmanifests\microsoft-windows-dfsr-core-dl.man (2.6 KB)
Extracting: F:\sources\dlmanifests\microsoft-windows-dhcpservermigplugin-dl\dhcpsrvmigplugin.dll (123.5 KB)
Extracting: F:\sources\dlmanifests\microsoft-windows-directoryservices-adam-dl\adammigrate.dll (87.5 KB)
Extracting: F:\sources\dlmanifests\microsoft-windows-dot3svc-dl.man (2.2 KB)
Extracting: F:\sources\dlmanifests\microsoft-windows-fax-client-applications-dl.man (3.7 KB)
Extracting: F:\sources\dlmanifests\microsoft-windows-fax-client-proenterprise-dl.man (1.8 KB)
Extracting: F:\sources\dlmanifests\microsoft-windows-fax-common-dl.man (4.7 KB)
Extracting: F:\sources\dlmanifests\microsoft-windows-fax-server-dl.man (1.8 KB)
Extracting: F:\sources\dlmanifests\microsoft-windows-fax-service-dl.man (7.5 KB)
Extracting: F:\sources\dlmanifests\microsoft-windows-htmlhelp-dl.man (1.7 KB)
Extracting: F:\sources\dlmanifests\microsoft-windows-iasserver-migplugin\en-us\iasmigreader.exe.mui (2.5 KB)
Extracting: F:\sources\dlmanifests\microsoft-windows-iasserver-migplugin\iasmigplugin.dll (474 KB)
Extracting: F:\sources\dlmanifests\microsoft-windows-iasserver-migplugin\iasmigreader.exe (480 KB)
Extracting: F:\sources\dlmanifests\microsoft-windows-icm-profiles-dl.man (2.2 KB)
Extracting: F:\sources\dlmanifests\microsoft-windows-ie-clientnetworkprotocolimplementation\wininetplugin.dll (67 KB)
Extracting: F:\sources\dlmanifests\microsoft-windows-ie-clientnetworkprotocolimplementation-dl.man (19.5 KB)
Extracting: F:\sources\dlmanifests\microsoft-windows-ie-esc-dl.man (1.9 KB)
Extracting: F:\sources\dlmanifests\microsoft-windows-ie-feeds-platform-dl.man (2.3 KB)
Extracting: F:\sources\dlmanifests\microsoft-windows-ie-internetexplorer-dl.man (12.5 KB)
Extracting: F:\sources\dlmanifests\microsoft-windows-iis-asp-deployment-dl.man (1.6 KB)
Extracting: F:\sources\dlmanifests\microsoft-windows-iis-aspnet-deployment-dl.man (1.5 KB)
Extracting: F:\sources\dlmanifests\microsoft-windows-iis-basicauthentication-deployment-dl.man (1.6 KB)
Extracting: F:\sources\dlmanifests\microsoft-windows-iis-cgi-deployment-dl.man (1.6 KB)
Extracting: F:\sources\dlmanifests\microsoft-windows-iis-clientcertificatemappingauthentication-deployment-dl.man (1.7 KB)
Extracting: F:\sources\dlmanifests\microsoft-windows-iis-corewebengine-deployment-dl.man (1.4 KB)
Extracting: F:\sources\dlmanifests\microsoft-windows-iis-customlogging-deployment-dl.man (1.6 KB)
Extracting: F:\sources\dlmanifests\microsoft-windows-iis-defaultdocument-deployment-dl.man (1.6 KB)
Extracting: F:\sources\dlmanifests\microsoft-windows-iis-digestauthentication-deployment-dl.man (1.6 KB)
Extracting: F:\sources\dlmanifests\microsoft-windows-iis-directorybrowsing-deployment-dl.man (1.6 KB)
Extracting: F:\sources\dlmanifests\microsoft-windows-iis-dl\iismig.dll (276.5 KB)
Extracting: F:\sources\dlmanifests\microsoft-windows-iis-ftpserver-deployment-dl.man (1.6 KB)
Extracting: F:\sources\dlmanifests\microsoft-windows-iis-httpcompressiondynamic-deployment-dl.man (1.6 KB)
Extracting: F:\sources\dlmanifests\microsoft-windows-iis-httpcompressionstatic-deployment-dl.man (1.6 KB)
Extracting: F:\sources\dlmanifests\microsoft-windows-iis-httperrors-deployment-dl.man (1.6 KB)
Extracting: F:\sources\dlmanifests\microsoft-windows-iis-httplogging-deployment-dl.man (1.6 KB)
Extracting: F:\sources\dlmanifests\microsoft-windows-iis-httpredirect-deployment-dl.man (1.6 KB)
Extracting: F:\sources\dlmanifests\microsoft-windows-iis-httptracing-deployment-dl.man (1.6 KB)
Extracting: F:\sources\dlmanifests\microsoft-windows-iis-iiscertificatemappingauthentication-deployment-dl.man (1.7 KB)
Extracting: F:\sources\dlmanifests\microsoft-windows-iis-ipsecurity-deployment-dl.man (1.6 KB)
Extracting: F:\sources\dlmanifests\microsoft-windows-iis-isapiextensions-deployment-dl.man (1.6 KB)
Extracting: F:\sources\dlmanifests\microsoft-windows-iis-isapifilter-deployment-dl.man (1.6 KB)
Extracting: F:\sources\dlmanifests\microsoft-windows-iis-legacyscripts-deployment-dl.man (1.6 KB)
Extracting: F:\sources\dlmanifests\microsoft-windows-iis-legacysnapin-deployment-dl.man (1.5 KB)
Extracting: F:\sources\dlmanifests\microsoft-windows-iis-logginglibraries-deployment-dl.man (1.6 KB)
Extracting: F:\sources\dlmanifests\microsoft-windows-iis-managementconsole-deployment-dl.man (1.5 KB)
Extracting: F:\sources\dlmanifests\microsoft-windows-iis-managementscriptingtools-deployment-dl.man (1.6 KB)
Extracting: F:\sources\dlmanifests\microsoft-windows-iis-managementservice-deployment-dl.man (1.6 KB)
Extracting: F:\sources\dlmanifests\microsoft-windows-iis-metabase-dl.man (2.7 KB)
Extracting: F:\sources\dlmanifests\microsoft-windows-iis-netfxextensibility-deployment-dl.man (1.5 KB)
Extracting: F:\sources\dlmanifests\microsoft-windows-iis-odbclogging-deployment-dl.man (1.6 KB)
Extracting: F:\sources\dlmanifests\microsoft-windows-iis-requestfiltering-deployment-dl.man (1.6 KB)
Extracting: F:\sources\dlmanifests\microsoft-windows-iis-requestmonitor-deployment-dl.man (1.6 KB)
Extracting: F:\sources\dlmanifests\microsoft-windows-iis-serversideincludes-deployment-dl.man (1.6 KB)
Extracting: F:\sources\dlmanifests\microsoft-windows-iis-staticcontent-deployment-dl.man (1.6 KB)
Extracting: F:\sources\dlmanifests\microsoft-windows-iis-urlauthorization-deployment-dl.man (1.6 KB)
Extracting: F:\sources\dlmanifests\microsoft-windows-iis-windowsauthentication-deployment-dl.man (1.6 KB)
Extracting: F:\sources\dlmanifests\microsoft-windows-iis-wmicompatibility-deployment-dl.man (1.6 KB)
Extracting: F:\sources\dlmanifests\microsoft-windows-international-core-dl\nlscoremig.dll (95 KB)
Extracting: F:\sources\dlmanifests\microsoft-windows-internet-naming-service-runtime\winsplgn.dll (73 KB)
Extracting: F:\sources\dlmanifests\microsoft-windows-mail-dl.man (2.0 KB)
Extracting: F:\sources\dlmanifests\microsoft-windows-mediaplayer\mediaplayer-dlmigplugin.dll (540.5 KB)
Extracting: F:\sources\dlmanifests\microsoft-windows-mediaplayer-drm-dl\drmmgrtn.dll (393.5 KB)
Extracting: F:\sources\dlmanifests\microsoft-windows-mediaplayer-migration-dl.man (4.3 KB)
Extracting: F:\sources\dlmanifests\microsoft-windows-msmq-messagingcoreservice\mqmigplugin.dll (123 KB)
Extracting: F:\sources\dlmanifests\microsoft-windows-ndis\ndismigplugin.dll (152.5 KB)
Extracting: F:\sources\dlmanifests\microsoft-windows-netfx35-dl.man (8.8 KB)
Extracting: F:\sources\dlmanifests\microsoft-windows-netfx35cdfcomp-dl.man (1.2 KB)
Extracting: F:\sources\dlmanifests\microsoft-windows-netfxcorecomp-dl.man (44.5 KB)
Extracting: F:\sources\dlmanifests\microsoft-windows-networkbridge\bridgemigplugin.dll (61.5 KB)
Extracting: F:\sources\dlmanifests\microsoft-windows-networkbridge-dl.man (1.8 KB)
Extracting: F:\sources\dlmanifests\microsoft-windows-networkloadbalancing-core\nlbmigplugin.dll (134.5 KB)
Extracting: F:\sources\dlmanifests\microsoft-windows-offlinefiles-dl\cscmigdl.dll (93.5 KB)
Extracting: F:\sources\dlmanifests\microsoft-windows-offlinefiles-dl.man (5.0 KB)
Extracting: F:\sources\dlmanifests\microsoft-windows-performancecounterinfrastructure-dl\cntrtextmig.dll (121.5 KB)
Extracting: F:\sources\dlmanifests\microsoft-windows-performancecounterinfrastructureconsumer-dl\plamig.dll (96 KB)
Extracting: F:\sources\dlmanifests\microsoft-windows-rasconnectionmanager\cmmigr.dll (57 KB)
Extracting: F:\sources\dlmanifests\microsoft-windows-rasserver-migplugin\rasmigplugin.dll (168.5 KB)
Extracting: F:\sources\dlmanifests\microsoft-windows-sharedaccess-dl.man (2.0 KB)
Extracting: F:\sources\dlmanifests\microsoft-windows-shmig-dl\shmig.dll (88 KB)
Extracting: F:\sources\dlmanifests\microsoft-windows-smbhashgeneration-dl.man (1.3 KB)
Extracting: F:\sources\dlmanifests\microsoft-windows-storagemigration\en-us\stormigplugin.dll.mui (2 KB)
Extracting: F:\sources\dlmanifests\microsoft-windows-storagemigration\stormigplugin.dll (202 KB)
Extracting: F:\sources\dlmanifests\microsoft-windows-storagemigration-dl.man (9.3 KB)
Extracting: F:\sources\dlmanifests\microsoft-windows-sxs\sxsmigplugin.dll (109.5 KB)
Extracting: F:\sources\dlmanifests\microsoft-windows-sxs-dl.man (1.2 KB)
Extracting: F:\sources\dlmanifests\microsoft-windows-tapisetup\tapimigplugin.dll (98.5 KB)
Extracting: F:\sources\dlmanifests\microsoft-windows-tapisetup-dl.man (2.5 KB)
Extracting: F:\sources\dlmanifests\microsoft-windows-terminalservices-clientactivexcore-dl.man (1.3 KB)
Extracting: F:\sources\dlmanifests\microsoft-windows-terminalservices-licenseserver\tlsmigplugin.dll (74 KB)
Extracting: F:\sources\dlmanifests\microsoft-windows-textservicesframework-migration-dl\imjpmig.dll (34.5 KB)
Extracting: F:\sources\dlmanifests\microsoft-windows-textservicesframework-migration-dl\imkrmig.dll (39 KB)
Extracting: F:\sources\dlmanifests\microsoft-windows-textservicesframework-migration-dl\imscmig.dll (32 KB)
Extracting: F:\sources\dlmanifests\microsoft-windows-textservicesframework-migration-dl\imtcmig.dll (22 KB)
Extracting: F:\sources\dlmanifests\microsoft-windows-textservicesframework-migration-dl\msctfmig.dll (152.5 KB)
Extracting: F:\sources\dlmanifests\microsoft-windows-textservicesframework-migration-dl\tabletextservicemig.dll (31 KB)
Extracting: F:\sources\dlmanifests\microsoft-windows-unimodem-config\modemmigplugin.dll (142.5 KB)
Extracting: F:\sources\dlmanifests\microsoft-windows-wab-dl.man (2.5 KB)
Extracting: F:\sources\dlmanifests\microsoft-windows-was-configurationapi-dl.man (1.6 KB)
Extracting: F:\sources\dlmanifests\microsoft-windows-was-netfxenvironment-dl.man (1.6 KB)
Extracting: F:\sources\dlmanifests\microsoft-windows-was-processmodel-dl.man (1.6 KB)
Extracting: F:\sources\dlmanifests\microsoft-windows-wcfcorecomp-dl.man (5.3 KB)
Extracting: F:\sources\dlmanifests\microsoft-windows-winsock-core-infrastructure-upgrade\wsupgrade.dll (159.5 KB)
Extracting: F:\sources\dlmanifests\microsoft-windows-wlansvc-dl.man (1.6 KB)
Extracting: F:\sources\dlmanifests\microsoft-windows-wmi-core\wmimigrationplugin.dll (379 KB)
Extracting: F:\sources\dlmanifests\microsoft.windows.com.base-dl.man (1.6 KB)
Extracting: F:\sources\dlmanifests\microsoft.windows.com.complus.setup.dl.man (2.3 KB)
Extracting: F:\sources\dlmanifests\microsoft.windows.com.dtc.setup-dl.man (4 KB)
Extracting: F:\sources\dlmanifests\microsoftwindowssystemrestore-main-dl.man (1.8 KB)
Extracting: F:\sources\dlmanifests\migrationdisplaygroups-dl.man (8 KB)
Extracting: F:\sources\dlmanifests\mpr-dl.man (1.2 KB)
Extracting: F:\sources\dlmanifests\msmq-dcom-dl.man (1.7 KB)
Extracting: F:\sources\dlmanifests\msmq-domain-ic-dl.man (1.5 KB)
Extracting: F:\sources\dlmanifests\msmq-http-dl.man (2.2 KB)
Extracting: F:\sources\dlmanifests\msmq-messagingcoreservice-dl.man (6.6 KB)
Extracting: F:\sources\dlmanifests\msmq-multicast-dl.man (1.5 KB)
Extracting: F:\sources\dlmanifests\msmq-routing-dl.man (1.4 KB)
Extracting: F:\sources\dlmanifests\msmq-triggers-dl.man (1.7 KB)
Extracting: F:\sources\dlmanifests\muisettings-dl.man (1.9 KB)
Extracting: F:\sources\dlmanifests\mup-dl.man (1.5 KB)
Extracting: F:\sources\dlmanifests\ndis-dl.man (2.5 KB)
Extracting: F:\sources\dlmanifests\netfx3-dl.man (1.4 KB)
Extracting: F:\sources\dlmanifests\netlogon-dl.man (2 KB)
Extracting: F:\sources\dlmanifests\networkaccessprotection-agent-dl.man (2.2 KB)
Extracting: F:\sources\dlmanifests\networking-mpssvc-svc\icfupgd.dll (87 KB)
Extracting: F:\sources\dlmanifests\networking-mpssvc-svc-dl.man (3.8 KB)
Extracting: F:\sources\dlmanifests\networkloadbalancingfullserver-dl.man (2.8 KB)
Extracting: F:\sources\dlmanifests\nfs-admincore-dl.man (2.7 KB)
Extracting: F:\sources\dlmanifests\nfs-clientcore-dl.man (2.7 KB)
Extracting: F:\sources\dlmanifests\nfs-servercore-dl.man (2.7 KB)
Extracting: F:\sources\dlmanifests\ntfs-dl.man (2.6 KB)
Extracting: F:\sources\dlmanifests\ntoskrnl-dl.man (4.0 KB)
Extracting: F:\sources\dlmanifests\odbc32dll-dl.man (2.9 KB)
Extracting: F:\sources\dlmanifests\openportmapper-dl.man (1.8 KB)
Extracting: F:\sources\dlmanifests\openrpc-dl.man (2.0 KB)
Extracting: F:\sources\dlmanifests\partmgr-dl.man (1 KB)
Extracting: F:\sources\dlmanifests\peertopeeradmin-dl.man (1.2 KB)
Extracting: F:\sources\dlmanifests\peertopeerbase-dl.man (1.4 KB)
Extracting: F:\sources\dlmanifests\peertopeergraphing-dl.man (1.4 KB)
Extracting: F:\sources\dlmanifests\peertopeergrouping-dl.man (1.5 KB)
Extracting: F:\sources\dlmanifests\peertopeeridmanager-dl.man (1.2 KB)
Extracting: F:\sources\dlmanifests\peertopeerpnrp-dl.man (1.7 KB)
Extracting: F:\sources\dlmanifests\performancecounterinfrastructure-dl.man (1.4 KB)
Extracting: F:\sources\dlmanifests\performancecounterinfrastructureconsumer-dl.man (1.7 KB)
Extracting: F:\sources\dlmanifests\printing-spooler-core-dl.man (2.5 KB)
Extracting: F:\sources\dlmanifests\printing-spooler-networkclient-dl.man (2.2 KB)
Extracting: F:\sources\dlmanifests\propsys-dl.man (1.9 KB)
Extracting: F:\sources\dlmanifests\pstore_data-dl.man (1.5 KB)
Extracting: F:\sources\dlmanifests\psync-dl.man (2.9 KB)
Extracting: F:\sources\dlmanifests\rasapi-dl.man (1.7 KB)
Extracting: F:\sources\dlmanifests\rascmak-dl.man (1.4 KB)
Extracting: F:\sources\dlmanifests\rasconnectionmanager-dl.man (2.3 KB)
Extracting: F:\sources\dlmanifests\rasmanservice-dl.man (938 bytes)
Extracting: F:\sources\dlmanifests\rasservermigplugin-dl.man (15 KB)
Extracting: F:\sources\dlmanifests\rasserveroc-dl.man (1.3 KB)
Extracting: F:\sources\dlmanifests\remoteassistance-dl.man (2.0 KB)
Extracting: F:\sources\dlmanifests\rights-management-client-v1-api-dl.man (3.2 KB)
Extracting: F:\sources\dlmanifests\rights-management-services-server-dl.man (3.2 KB)
Extracting: F:\sources\dlmanifests\rpc-http-dl.man (1.6 KB)
Extracting: F:\sources\dlmanifests\rpc-http_proxy-dl.man (1.4 KB)
Extracting: F:\sources\dlmanifests\rpc-local-dl.man (1.8 KB)
Extracting: F:\sources\dlmanifests\rpc-remote-dl.man (1.9 KB)
Extracting: F:\sources\dlmanifests\sanmmc-dl.man (1.7 KB)
Extracting: F:\sources\dlmanifests\schannel-dl.man (1.4 KB)
Extracting: F:\sources\dlmanifests\schedsvc-dl.man (1.9 KB)
Extracting: F:\sources\dlmanifests\security-digest-dl.man (803 bytes)
Extracting: F:\sources\dlmanifests\security-kerberos-dl.man (803 bytes)
Extracting: F:\sources\dlmanifests\security-ntlm-dl.man (1.4 KB)
Extracting: F:\sources\dlmanifests\security-ntlm-lmc.man (1.1 KB)
Extracting: F:\sources\dlmanifests\shell32-dl.man (6.0 KB)
Extracting: F:\sources\dlmanifests\shmig-dl.man (1.6 KB)
Extracting: F:\sources\dlmanifests\shutdown-event-tracker-dl.man (1.3 KB)
Extracting: F:\sources\dlmanifests\simpletcp-dl.man (965 bytes)
Extracting: F:\sources\dlmanifests\smartcardsubsystem-dl.man (3.6 KB)
Extracting: F:\sources\dlmanifests\smbserver-dl.man (13.8 KB)
Extracting: F:\sources\dlmanifests\smss-dl.man (2 KB)
Extracting: F:\sources\dlmanifests\smtpsvc-admin-dl.man (1.1 KB)
Extracting: F:\sources\dlmanifests\smtpsvc-service-dl.man (1.2 KB)
Extracting: F:\sources\dlmanifests\snis-dl.man (2.7 KB)
Extracting: F:\sources\dlmanifests\snmp-dl.man (2.4 KB)
Extracting: F:\sources\dlmanifests\speechcommon-dl.man (2.4 KB)
Extracting: F:\sources\dlmanifests\srm-dl.man (4.7 KB)
Extracting: F:\sources\dlmanifests\sua-dl.man (4.9 KB)
Extracting: F:\sources\dlmanifests\tabletpc-tabbtn-dl.man (1.7 KB)
Extracting: F:\sources\dlmanifests\tabletpcinputpanel-dl.man (1.7 KB)
Extracting: F:\sources\dlmanifests\tabletpcjournal-dl.man (8.5 KB)
Extracting: F:\sources\dlmanifests\tabletpcplatforminput-core-dl.man (8.9 KB)
Extracting: F:\sources\dlmanifests\tcpip-dl.man (11.7 KB)
Extracting: F:\sources\dlmanifests\telnet-client-dl.man (2.1 KB)
Extracting: F:\sources\dlmanifests\telnet-server-dl.man (5.1 KB)
Extracting: F:\sources\dlmanifests\terminalservices-appserver-dl.man (1.5 KB)
Extracting: F:\sources\dlmanifests\terminalservices-appserver-licensing-dl.man (1.3 KB)
Extracting: F:\sources\dlmanifests\terminalservices-drivers-dl.man (1.2 KB)
Extracting: F:\sources\dlmanifests\terminalservices-licenseserver-dl.man (2.1 KB)
Extracting: F:\sources\dlmanifests\terminalservices-localsessionmanager-dl.man (1.4 KB)
Extracting: F:\sources\dlmanifests\terminalservices-rdp-winstationextensions-dl.man (20.4 KB)
Extracting: F:\sources\dlmanifests\terminalservices-remoteconnectionmanager-dl.man (1.4 KB)
Extracting: F:\sources\dlmanifests\terminalservices-sessiondirectory-client-dl.man (2.2 KB)
Extracting: F:\sources\dlmanifests\terminalservices-sessiondirectory-server-dl.man (2.4 KB)
Extracting: F:\sources\dlmanifests\terminalservices-terminalservicesclient-dl.man (1.9 KB)
Extracting: F:\sources\dlmanifests\textservicesframework-migration-dl.man (2.2 KB)
Extracting: F:\sources\dlmanifests\themeui-dl.man (1.2 KB)
Extracting: F:\sources\dlmanifests\time-service-dl.man (4.3 KB)
Extracting: F:\sources\dlmanifests\unimodem-config-dl.man (1.4 KB)
Extracting: F:\sources\dlmanifests\upnpcontrolpoint-dl.man (1.6 KB)
Extracting: F:\sources\dlmanifests\upnpdevicehost-dl.man (2.3 KB)
Extracting: F:\sources\dlmanifests\upnpssdp-dl.man (2.1 KB)
Extracting: F:\sources\dlmanifests\video-tvvideocontrol-dl.man (2.0 KB)
Extracting: F:\sources\dlmanifests\virtualdiskservice-dl.man (1.7 KB)
Extracting: F:\sources\dlmanifests\vss-dl.man (1.5 KB)
Extracting: F:\sources\dlmanifests\vsssystemprovider-dl.man (1 KB)
Extracting: F:\sources\dlmanifests\wcf-http-activation-dl.man (2.0 KB)
Extracting: F:\sources\dlmanifests\wcf-http-activation-postapply-dl.man (1.4 KB)
Extracting: F:\sources\dlmanifests\wcf-nonhttp-activation-dl.man (1.4 KB)
Extracting: F:\sources\dlmanifests\wds-dl.man (19.7 KB)
Extracting: F:\sources\dlmanifests\web-services-for-management-core-dl.man (1.9 KB)
Extracting: F:\sources\dlmanifests\webdavredir-dl.man (2.5 KB)
Extracting: F:\sources\dlmanifests\webdavredir-mrxdav-dl.man (3.7 KB)
Extracting: F:\sources\dlmanifests\webenroll-dl.man (1.6 KB)
Extracting: F:\sources\dlmanifests\win32k-settings-dl.man (11.8 KB)
Extracting: F:\sources\dlmanifests\windowssearchengine-dl.man (5.6 KB)
Extracting: F:\sources\dlmanifests\winhttp60-dl.man (2.8 KB)
Extracting: F:\sources\dlmanifests\winlogon-dl.man (2.3 KB)
Extracting: F:\sources\dlmanifests\wirelessnetworking-dl.man (1.3 KB)
Extracting: F:\sources\dlmanifests\wmi-core-dl.man (2.3 KB)
Extracting: F:\sources\dlmanifests\wmi-snmp-provider-dl.man (1.4 KB)
Extracting: F:\sources\dlmanifests\workstationservice-dl.man (1.8 KB)
Extracting: F:\sources\dlmanifests\wsinfra-upgrade-dl.man (1.7 KB)
Extracting: F:\sources\dlmanifests\wsrm-service-dl.man (25.8 KB)
Extracting: F:\sources\dpx.dll (251 KB)
Extracting: F:\sources\drupdate.dll (169.5 KB)
Extracting: F:\sources\drvmain.sdb (148.1 KB)
Extracting: F:\sources\drvmgrtn.dll (82.5 KB)
Extracting: F:\sources\drvstore.dll (315.5 KB)
Extracting: F:\sources\du.dll (76.5 KB)
Extracting: F:\sources\ei.cfg (51 bytes)
Extracting: F:\sources\embeddedutil.dll (48 KB)
Extracting: F:\sources\en-us\actionqueue.dll.mui (3 KB)
Extracting: F:\sources\en-us\apds.dll.mui (48 KB)
Extracting: F:\sources\en-us\apircl.dll.mui (4.5 KB)
Extracting: F:\sources\en-us\apss.dll.mui (3 KB)
Extracting: F:\sources\en-us\arunres.dll.mui (4 KB)
Extracting: F:\sources\en-us\cbsmsg.dll.mui (12 KB)
Extracting: F:\sources\en-us\cmisetup.dll.mui (4 KB)
Extracting: F:\sources\en-us\compatprovider.dll.mui (12.5 KB)
Extracting: F:\sources\en-us\compres.dll.mui (10 KB)
Extracting: F:\sources\en-us\dism.exe.mui (28 KB)
Extracting: F:\sources\en-us\dismcore.dll.mui (6 KB)
Extracting: F:\sources\en-us\dismhost.exe.mui (2.5 KB)
Extracting: F:\sources\en-us\dismprov.dll.mui (2 KB)
Extracting: F:\sources\en-us\du_help_what_info_sent_to_ms.rtf (42.7 KB)
Extracting: F:\sources\en-us\du_help_why_get_updates.rtf (45.5 KB)
Extracting: F:\sources\en-us\embeddedutil.dll.mui (2 KB)
Extracting: F:\sources\en-us\erofflps.txt (6.9 KB)
Extracting: F:\sources\en-us\folderprovider.dll.mui (2 KB)
Extracting: F:\sources\en-us\help_what_is_activation.rtf (41.5 KB)
Extracting: F:\sources\en-us\input.dll.mui (23.5 KB)
Extracting: F:\sources\en-us\logprovider.dll.mui (5.5 KB)
Extracting: F:\sources\en-us\mofd.dll.mui (7.5 KB)
Extracting: F:\sources\en-us\msxml6r.dll.mui (77.5 KB)
Extracting: F:\sources\en-us\nlsbres.dll.mui (67 KB)
Extracting: F:\sources\en-us\oobe_help_opt_in_details.rtf (50.5 KB)
Extracting: F:\sources\en-us\pnpibs.dll.mui (4.5 KB)
Extracting: F:\sources\en-us\privacy.rtf (133.2 KB)
Extracting: F:\sources\en-us\readme.rtf (135.5 KB)
Extracting: F:\sources\en-us\rollback.exe.mui (4 KB)
Extracting: F:\sources\en-us\setup.exe.mui (11.5 KB)
Extracting: F:\sources\en-us\setup_help_upgrade_or_custom.rtf (46.2 KB)
Extracting: F:\sources\en-us\smiengine.dll.mui (11.5 KB)
Extracting: F:\sources\en-us\sperr32.exe.mui (3 KB)
Extracting: F:\sources\en-us\spwizres.dll.mui (7 KB)
Extracting: F:\sources\en-us\upgdriver.dll.mui (6.5 KB)
Extracting: F:\sources\en-us\upgloader.dll.mui (22 KB)
Extracting: F:\sources\en-us\upgreport.dll.mui (2.5 KB)
Extracting: F:\sources\en-us\upgres.dll.mui (9 KB)
Extracting: F:\sources\en-us\uxlibres.dll.mui (2.5 KB)
Extracting: F:\sources\en-us\vofflps.rtf (63.8 KB)
Extracting: F:\sources\en-us\w32uires.dll.mui (254.5 KB)
Extracting: F:\sources\en-us\wbemcore.dll.mui (3 KB)
Extracting: F:\sources\en-us\wdsclient.dll.mui (7 KB)
Extracting: F:\sources\en-us\wdsimage.dll.mui (5.5 KB)
Extracting: F:\sources\en-us\winsetup.dll.mui (50.5 KB)
Extracting: F:\sources\en-us\wmiutils.dll.mui (17 KB)
Extracting: F:\sources\envmig.xml (10.6 KB)
Extracting: F:\sources\esscli.dll (260 KB)
Extracting: F:\sources\etwproviders\actionqueueetw.dll (4 KB)
Extracting: F:\sources\etwproviders\auditetw.dll (4 KB)
Extracting: F:\sources\etwproviders\cmisetupetw.dll (3.5 KB)
Extracting: F:\sources\etwproviders\en-us\actionqueueetw.dll.mui (3 KB)
Extracting: F:\sources\etwproviders\en-us\auditetw.dll.mui (3 KB)
Extracting: F:\sources\etwproviders\en-us\cmisetupetw.dll.mui (4 KB)
Extracting: F:\sources\etwproviders\en-us\oobeldretw.dll.mui (3 KB)
Extracting: F:\sources\etwproviders\en-us\setupcletw.dll.mui (4.5 KB)
Extracting: F:\sources\etwproviders\en-us\setupetw.dll.mui (3.5 KB)
Extracting: F:\sources\etwproviders\en-us\setupugcetw.dll.mui (3 KB)
Extracting: F:\sources\etwproviders\en-us\sysprepetw.dll.mui (3 KB)
Extracting: F:\sources\etwproviders\en-us\windeployetw.dll.mui (3 KB)
Extracting: F:\sources\etwproviders\en-us\winsetupetw.dll.mui (50.5 KB)
Extracting: F:\sources\etwproviders\etwproviderinstall.vbs (6.7 KB)
Extracting: F:\sources\etwproviders\oobeldretw.dll (4 KB)
Extracting: F:\sources\etwproviders\setupcletw.dll (5.5 KB)
Extracting: F:\sources\etwproviders\setupetw.dll (5 KB)
Extracting: F:\sources\etwproviders\setupugcetw.dll (4 KB)
Extracting: F:\sources\etwproviders\sysprepetw.dll (4 KB)
Extracting: F:\sources\etwproviders\windeployetw.dll (3.5 KB)
Extracting: F:\sources\etwproviders\winsetupetw.dll (6.5 KB)
Extracting: F:\sources\fastprox.dll (592 KB)
Extracting: F:\sources\folderprovider.dll (48 KB)
Extracting: F:\sources\fveupg.dll (47 KB)
Extracting: F:\sources\globalinstallorder.xml (1.9 MB)
Extracting: F:\sources\helpcins.dll (103 KB)
Extracting: F:\sources\hwcompat.dll (143 KB)
Extracting: F:\sources\hwcompat.txt (523.3 KB)
Extracting: F:\sources\hwexclude.txt (1.7 KB)
Extracting: F:\sources\hypervcomplcheck.dll (9.5 KB)
Extracting: F:\sources\idwbinfo.txt (121 bytes)
Extracting: F:\sources\iiscomp.dll (22.5 KB)
Extracting: F:\sources\inf\setup.cfg (1.3 KB)
Extracting: F:\sources\input.dll (197.5 KB)
Extracting: F:\sources\install.wim (2.1 GB)
Extracting: F:\sources\install_Windows 7 HOMEBASIC.clg (579.1 KB)
Extracting: F:\sources\install_Windows 7 HOMEPREMIUM.clg (593.2 KB)
Extracting: F:\sources\install_Windows 7 PROFESSIONAL.clg (595.7 KB)
Extracting: F:\sources\install_Windows 7 STARTER.clg (568.1 KB)
Extracting: F:\sources\install_Windows 7 ULTIMATE.clg (596.6 KB)
Extracting: F:\sources\lang.ini (78 bytes)
Extracting: F:\sources\license\_default\_default\enterprise\license.rtf (99.2 KB)
Extracting: F:\sources\license\_default\_default\enterprisee\license.rtf (28.3 KB)
Extracting: F:\sources\license\_default\_default\enterprisen\license.rtf (29.7 KB)
Extracting: F:\sources\license\_default\_default\homebasic\license.rtf (109.5 KB)
Extracting: F:\sources\license\_default\_default\homebasice\license.rtf (28.3 KB)
Extracting: F:\sources\license\_default\_default\homebasicn\license.rtf (28.3 KB)
Extracting: F:\sources\license\_default\_default\homepremium\license.rtf (112.9 KB)
Extracting: F:\sources\license\_default\_default\homepremiume\license.rtf (28.3 KB)
Extracting: F:\sources\license\_default\_default\homepremiumn\license.rtf (105.8 KB)
Extracting: F:\sources\license\_default\_default\lipeula.rtf (7.5 KB)
Extracting: F:\sources\license\_default\_default\lpeula.rtf (733 bytes)
Extracting: F:\sources\license\_default\_default\professional\license.rtf (119.2 KB)
Extracting: F:\sources\license\_default\_default\professionale\license.rtf (28.3 KB)
Extracting: F:\sources\license\_default\_default\professionaln\license.rtf (107.4 KB)
Extracting: F:\sources\license\_default\_default\starter\license.rtf (99.7 KB)
Extracting: F:\sources\license\_default\_default\startere\license.rtf (33.4 KB)
Extracting: F:\sources\license\_default\_default\startern\license.rtf (95 KB)
Extracting: F:\sources\license\_default\_default\ultimate\license.rtf (113.7 KB)
Extracting: F:\sources\license\_default\_default\ultimatee\license.rtf (28.3 KB)
Extracting: F:\sources\license\_default\_default\ultimaten\license.rtf (105.6 KB)
Extracting: F:\sources\license\_default\eval\enterprise\license.rtf (99.2 KB)
Extracting: F:\sources\license\_default\eval\enterprisee\license.rtf (28.3 KB)
Extracting: F:\sources\license\_default\eval\enterprisen\license.rtf (29.7 KB)
Extracting: F:\sources\license\_default\eval\homebasic\license.rtf (28.3 KB)
Extracting: F:\sources\license\_default\eval\homebasice\license.rtf (28.3 KB)
Extracting: F:\sources\license\_default\eval\homebasicn\license.rtf (28.3 KB)
Extracting: F:\sources\license\_default\eval\homepremium\license.rtf (28.3 KB)
Extracting: F:\sources\license\_default\eval\homepremiume\license.rtf (28.3 KB)
Extracting: F:\sources\license\_default\eval\homepremiumn\license.rtf (28.3 KB)
Extracting: F:\sources\license\_default\eval\professional\license.rtf (28.3 KB)
Extracting: F:\sources\license\_default\eval\professionale\license.rtf (28.3 KB)
Extracting: F:\sources\license\_default\eval\professionaln\license.rtf (28.3 KB)
Extracting: F:\sources\license\_default\eval\starter\license.rtf (28.3 KB)
Extracting: F:\sources\license\_default\eval\startere\license.rtf (28.3 KB)
Extracting: F:\sources\license\_default\eval\startern\license.rtf (28.3 KB)
Extracting: F:\sources\license\_default\eval\ultimate\license.rtf (28.3 KB)
Extracting: F:\sources\license\_default\eval\ultimatee\license.rtf (28.3 KB)
Extracting: F:\sources\license\_default\eval\ultimaten\license.rtf (28.3 KB)
Extracting: F:\sources\license\_default\oem\enterprise\license.rtf (637 bytes)
Extracting: F:\sources\license\_default\oem\enterprisee\license.rtf (28.3 KB)
Extracting: F:\sources\license\_default\oem\enterprisen\license.rtf (640 bytes)
Extracting: F:\sources\license\_default\oem\homebasic\license.rtf (101.1 KB)
Extracting: F:\sources\license\_default\oem\homebasice\license.rtf (28.3 KB)
Extracting: F:\sources\license\_default\oem\homebasicn\license.rtf (28.3 KB)
Extracting: F:\sources\license\_default\oem\homepremium\license.rtf (105.7 KB)
Extracting: F:\sources\license\_default\oem\homepremiume\license.rtf (36.8 KB)
Extracting: F:\sources\license\_default\oem\homepremiumn\license.rtf (95.5 KB)
Extracting: F:\sources\license\_default\oem\professional\license.rtf (40.5 KB)
Extracting: F:\sources\license\_default\oem\professionale\license.rtf (38.3 KB)
Extracting: F:\sources\license\_default\oem\professionaln\license.rtf (35 KB)
Extracting: F:\sources\license\_default\oem\starter\license.rtf (99.7 KB)
Extracting: F:\sources\license\_default\oem\startere\license.rtf (33.4 KB)
Extracting: F:\sources\license\_default\oem\startern\license.rtf (95 KB)
Extracting: F:\sources\license\_default\oem\ultimate\license.rtf (39.9 KB)
Extracting: F:\sources\license\_default\oem\ultimatee\license.rtf (37.7 KB)
Extracting: F:\sources\license\_default\oem\ultimaten\license.rtf (34.5 KB)
Extracting: F:\sources\license\en-us\_default\enterprise\license.rtf (99.2 KB)
Extracting: F:\sources\license\en-us\_default\enterprisee\license.rtf (28.3 KB)
Extracting: F:\sources\license\en-us\_default\enterprisen\license.rtf (29.7 KB)
Extracting: F:\sources\license\en-us\_default\homebasic\license.rtf (109.5 KB)
Extracting: F:\sources\license\en-us\_default\homebasice\license.rtf (28.3 KB)
Extracting: F:\sources\license\en-us\_default\homebasicn\license.rtf (28.3 KB)
Extracting: F:\sources\license\en-us\_default\homepremium\license.rtf (112.9 KB)
Extracting: F:\sources\license\en-us\_default\homepremiume\license.rtf (28.3 KB)
Extracting: F:\sources\license\en-us\_default\homepremiumn\license.rtf (105.8 KB)
Extracting: F:\sources\license\en-us\_default\lipeula.rtf (7.5 KB)
Extracting: F:\sources\license\en-us\_default\lpeula.rtf (733 bytes)
Extracting: F:\sources\license\en-us\_default\professional\license.rtf (119.2 KB)
Extracting: F:\sources\license\en-us\_default\professionale\license.rtf (28.3 KB)
Extracting: F:\sources\license\en-us\_default\professionaln\license.rtf (107.4 KB)
Extracting: F:\sources\license\en-us\_default\starter\license.rtf (99.7 KB)
Extracting: F:\sources\license\en-us\_default\startere\license.rtf (33.4 KB)
Extracting: F:\sources\license\en-us\_default\startern\license.rtf (95 KB)
Extracting: F:\sources\license\en-us\_default\ultimate\license.rtf (113.7 KB)
Extracting: F:\sources\license\en-us\_default\ultimatee\license.rtf (28.3 KB)
Extracting: F:\sources\license\en-us\_default\ultimaten\license.rtf (105.6 KB)
Extracting: F:\sources\license\en-us\eval\enterprise\license.rtf (99.2 KB)
Extracting: F:\sources\license\en-us\eval\enterprisee\license.rtf (28.3 KB)
Extracting: F:\sources\license\en-us\eval\enterprisen\license.rtf (29.7 KB)
Extracting: F:\sources\license\en-us\eval\homebasic\license.rtf (28.3 KB)
Extracting: F:\sources\license\en-us\eval\homebasice\license.rtf (28.3 KB)
Extracting: F:\sources\license\en-us\eval\homebasicn\license.rtf (28.3 KB)
Extracting: F:\sources\license\en-us\eval\homepremium\license.rtf (28.3 KB)
Extracting: F:\sources\license\en-us\eval\homepremiume\license.rtf (28.3 KB)
Extracting: F:\sources\license\en-us\eval\homepremiumn\license.rtf (28.3 KB)
Extracting: F:\sources\license\en-us\eval\professional\license.rtf (28.3 KB)
Extracting: F:\sources\license\en-us\eval\professionale\license.rtf (28.3 KB)
Extracting: F:\sources\license\en-us\eval\professionaln\license.rtf (28.3 KB)
Extracting: F:\sources\license\en-us\eval\starter\license.rtf (28.3 KB)
Extracting: F:\sources\license\en-us\eval\startere\license.rtf (28.3 KB)
Extracting: F:\sources\license\en-us\eval\startern\license.rtf (28.3 KB)
Extracting: F:\sources\license\en-us\eval\ultimate\license.rtf (28.3 KB)
Extracting: F:\sources\license\en-us\eval\ultimatee\license.rtf (28.3 KB)
Extracting: F:\sources\license\en-us\eval\ultimaten\license.rtf (28.3 KB)
Extracting: F:\sources\license\en-us\oem\enterprise\license.rtf (637 bytes)
Extracting: F:\sources\license\en-us\oem\enterprisee\license.rtf (28.3 KB)
Extracting: F:\sources\license\en-us\oem\enterprisen\license.rtf (640 bytes)
Extracting: F:\sources\license\en-us\oem\homebasic\license.rtf (101.1 KB)
Extracting: F:\sources\license\en-us\oem\homebasice\license.rtf (28.3 KB)
Extracting: F:\sources\license\en-us\oem\homebasicn\license.rtf (28.3 KB)
Extracting: F:\sources\license\en-us\oem\homepremium\license.rtf (105.7 KB)
Extracting: F:\sources\license\en-us\oem\homepremiume\license.rtf (36.8 KB)
Extracting: F:\sources\license\en-us\oem\homepremiumn\license.rtf (95.5 KB)
Extracting: F:\sources\license\en-us\oem\professional\license.rtf (40.5 KB)
Extracting: F:\sources\license\en-us\oem\professionale\license.rtf (38.3 KB)
Extracting: F:\sources\license\en-us\oem\professionaln\license.rtf (35 KB)
Extracting: F:\sources\license\en-us\oem\starter\license.rtf (99.7 KB)
Extracting: F:\sources\license\en-us\oem\startere\license.rtf (33.4 KB)
Extracting: F:\sources\license\en-us\oem\startern\license.rtf (95 KB)
Extracting: F:\sources\license\en-us\oem\ultimate\license.rtf (39.9 KB)
Extracting: F:\sources\license\en-us\oem\ultimatee\license.rtf (37.7 KB)
Extracting: F:\sources\license\en-us\oem\ultimaten\license.rtf (34.5 KB)
Extracting: F:\sources\locale.nls (410 KB)
Extracting: F:\sources\locdrv.dll (224.5 KB)
Extracting: F:\sources\logprovider.dll (87.5 KB)
Extracting: F:\sources\migisol.dll (99.5 KB)
Extracting: F:\sources\migtestplugin.dll (36 KB)
Extracting: F:\sources\mofd.dll (187.5 KB)
Extracting: F:\sources\mofinstall.dll (57.5 KB)
Extracting: F:\sources\msdelta.dll (298 KB)
Extracting: F:\sources\msftedit.dll (578.5 KB)
Extracting: F:\sources\mspatcha.dll (34.5 KB)
Extracting: F:\sources\msxml6.dll (1.3 MB)
Extracting: F:\sources\msxml6r.dll (2 KB)
Extracting: F:\sources\ndiscompl.dll (93.5 KB)
Extracting: F:\sources\nlsbres.dll (67.5 KB)
Extracting: F:\sources\ntdsupg.dll (21 KB)
Extracting: F:\sources\ntfrsupg.dll (46 KB)
Extracting: F:\sources\oemhelpins.dll (147.5 KB)
Extracting: F:\sources\offline.xml (35.9 KB)
Extracting: F:\sources\oscomps.xml (573.9 KB)
Extracting: F:\sources\osfilter.inf (20.5 KB)
Extracting: F:\sources\pidgenx.dll (1.2 MB)
Extracting: F:\sources\pkeyconfig.xrm-ms (995 KB)
Extracting: F:\sources\pnpibs.dll (69.5 KB)
Extracting: F:\sources\product.ini (3.9 KB)
Extracting: F:\sources\readme.rtf (135.5 KB)
Extracting: F:\sources\repdrvfs.dll (293.5 KB)
Extracting: F:\sources\replacementmanifests\activedirectory-webservices-replacement.man (1.7 KB)
Extracting: F:\sources\replacementmanifests\application-experience-program-compatibility-assistant-replacement.man (11.7 KB)
Extracting: F:\sources\replacementmanifests\audiommecore-other-migration-replacement.man (1.1 KB)
Extracting: F:\sources\replacementmanifests\authui-migration-replacement.man (6.2 KB)
Extracting: F:\sources\replacementmanifests\bthmig-replacement.man (853 bytes)
Extracting: F:\sources\replacementmanifests\capi2_certs-repl.man (10.5 KB)
Extracting: F:\sources\replacementmanifests\dhcpclientdll-repl.man (4.0 KB)
Extracting: F:\sources\replacementmanifests\dhcpservermigplugin-rep.man (12.5 KB)
Extracting: F:\sources\replacementmanifests\ehome-reg-inf_repl.man (3 KB)
Extracting: F:\sources\replacementmanifests\eudcedit-replacement.man (2 KB)
Extracting: F:\sources\replacementmanifests\extensibleauthenticationprotocolhostservice-rep.man (2.9 KB)
Extracting: F:\sources\replacementmanifests\failovercluster-core-wow64-rm.man (929 bytes)
Extracting: F:\sources\replacementmanifests\fonts-type1-replacement.man (1.4 KB)
Extracting: F:\sources\replacementmanifests\fundisc-replacement.man (1.4 KB)
Extracting: F:\sources\replacementmanifests\gameuxmig-replacement.man (954 bytes)
Extracting: F:\sources\replacementmanifests\iis-ftpextensibility-rm.man (1 KB)
Extracting: F:\sources\replacementmanifests\iis-ftpsvc-rm.man (1.2 KB)
Extracting: F:\sources\replacementmanifests\iis-powershellprovider-rm.man (1 KB)
Extracting: F:\sources\replacementmanifests\iis-sharedlibraries-rm.man (1.5 KB)
Extracting: F:\sources\replacementmanifests\iis-webdav-rm.man (1003 bytes)
Extracting: F:\sources\replacementmanifests\international-core-replacement.man (10.3 KB)
Extracting: F:\sources\replacementmanifests\ipv4ipv6coexistencemigration-replacement.man (3.4 KB)
Extracting: F:\sources\replacementmanifests\microsoft-activedirectory-webservices\adwsmigrate.dll (62 KB)
Extracting: F:\sources\replacementmanifests\microsoft-hyper-v-client-migration-replacement.man (1.3 KB)
Extracting: F:\sources\replacementmanifests\microsoft-international-core\nlscoremig.dll (95 KB)
Extracting: F:\sources\replacementmanifests\microsoft-windows-audio-mmecore-other\audmigplugin.dll (67 KB)
Extracting: F:\sources\replacementmanifests\microsoft-windows-bth-user\bthmigplugin.dll (74 KB)
Extracting: F:\sources\replacementmanifests\microsoft-windows-fax-service-replacement.man (3.9 KB)
Extracting: F:\sources\replacementmanifests\microsoft-windows-gameuxmig\gameuxmig.dll (19 KB)
Extracting: F:\sources\replacementmanifests\microsoft-windows-ie-adminkitbranding-repl.man (6.4 KB)
Extracting: F:\sources\replacementmanifests\microsoft-windows-ie-internetexplorer-repl.man (32.3 KB)
Extracting: F:\sources\replacementmanifests\microsoft-windows-iis-rm\iismig.dll (276.5 KB)
Extracting: F:\sources\replacementmanifests\microsoft-windows-ndis\ndismigplugin.dll (152.5 KB)
Extracting: F:\sources\replacementmanifests\microsoft-windows-netfx35cdfcomp-replacement.man (911 bytes)
Extracting: F:\sources\replacementmanifests\microsoft-windows-netfxcorecomp-repl.man (44.3 KB)
Extracting: F:\sources\replacementmanifests\microsoft-windows-offlinefiles-core\cscmig.dll (107 KB)
Extracting: F:\sources\replacementmanifests\microsoft-windows-offlinefiles-core\en-us\cscmig.dll.mui (2.5 KB)
Extracting: F:\sources\replacementmanifests\microsoft-windows-offlinefiles-replacement.man (2.5 KB)
Extracting: F:\sources\replacementmanifests\microsoft-windows-power-policy\powermigplugin.dll (100 KB)
Extracting: F:\sources\replacementmanifests\microsoft-windows-powershell-replacement.man (2.4 KB)
Extracting: F:\sources\replacementmanifests\microsoft-windows-securestartup-filterdriver-replacement.man (2 KB)
Extracting: F:\sources\replacementmanifests\microsoft-windows-shmig\shmig.dll (88 KB)
Extracting: F:\sources\replacementmanifests\microsoft-windows-terminalservices-appserver-licensing\tsmigplugin.dll (105.5 KB)
Extracting: F:\sources\replacementmanifests\microsoft-windows-terminalservices-licenseserver\tlsrepplugin.dll (74 KB)
Extracting: F:\sources\replacementmanifests\microsoft-windows-wcfcorecomp-replacement.man (865 bytes)
Extracting: F:\sources\replacementmanifests\microsoft.windows.servermanager-non_msil-replacement.man (711 bytes)
Extracting: F:\sources\replacementmanifests\mmsys-migration-replacement.man (1.3 KB)
Extracting: F:\sources\replacementmanifests\ndis-repl.man (3.0 KB)
Extracting: F:\sources\replacementmanifests\nfs-admincore-repl.man (1.2 KB)
Extracting: F:\sources\replacementmanifests\nfs-clientcore-repl.man (1.2 KB)
Extracting: F:\sources\replacementmanifests\nfs-servercore-repl.man (1.2 KB)
Extracting: F:\sources\replacementmanifests\powermanagement-powerpolicy-definitions-replacement.man (1.4 KB)
Extracting: F:\sources\replacementmanifests\powermanagement-powerpolicy-migration-replacement.man (652 bytes)
Extracting: F:\sources\replacementmanifests\printing-localprinting-replacement.man (1.2 KB)
Extracting: F:\sources\replacementmanifests\printing-servercore-wow64-rm.man (930 bytes)
Extracting: F:\sources\replacementmanifests\propsys-replacement.man (2.0 KB)
Extracting: F:\sources\replacementmanifests\provsvc-replacement.man (1.4 KB)
Extracting: F:\sources\replacementmanifests\rasapi-repl.man (5.5 KB)
Extracting: F:\sources\replacementmanifests\rasmanservice-repl.man (1.7 KB)
Extracting: F:\sources\replacementmanifests\rasppp-repl.man (2.7 KB)
Extracting: F:\sources\replacementmanifests\rights-management-client-v1-api-replacement.man (4.4 KB)
Extracting: F:\sources\replacementmanifests\servercore-ea-ime-wow64-rm.man (777 bytes)
Extracting: F:\sources\replacementmanifests\servercore-wow64-rm.man (763 bytes)
Extracting: F:\sources\replacementmanifests\shmig-replacement.man (1.1 KB)
Extracting: F:\sources\replacementmanifests\sounds-migration-replacement.man (2.3 KB)
Extracting: F:\sources\replacementmanifests\srm-datascrndriver-repl.man (2.6 KB)
Extracting: F:\sources\replacementmanifests\srm-quotadriver-repl.man (2.5 KB)
Extracting: F:\sources\replacementmanifests\srm-service-repl.man (4.0 KB)
Extracting: F:\sources\replacementmanifests\srm-service-reports-repl.man (2.8 KB)
Extracting: F:\sources\replacementmanifests\srm-ui-repl.man (2.4 KB)
Extracting: F:\sources\replacementmanifests\stickynotes-replacement.man (1.4 KB)
Extracting: F:\sources\replacementmanifests\suacore-wow64-rm.man (918 bytes)
Extracting: F:\sources\replacementmanifests\sysdm-replacement.man (1.4 KB)
Extracting: F:\sources\replacementmanifests\sysmain-replacement.man (1.7 KB)
Extracting: F:\sources\replacementmanifests\tabletpc-uihub-replacement.man (10.9 KB)
Extracting: F:\sources\replacementmanifests\tabletpcplatforminput-core-replacement.man (15.3 KB)
Extracting: F:\sources\replacementmanifests\tabletpcstickynotes-replacement.man (1.9 KB)
Extracting: F:\sources\replacementmanifests\tcpip-replacement.man (15.9 KB)
Extracting: F:\sources\replacementmanifests\terminalservices-appserver-licensing-replacement.man (1.1 KB)
Extracting: F:\sources\replacementmanifests\terminalservices-licenseserver-replacement.man (1.5 KB)
Extracting: F:\sources\replacementmanifests\terminalservices-manager-snapin-replacement.man (1.1 KB)
Extracting: F:\sources\replacementmanifests\terminalservices-rapwebpart-replacement.man (1.1 KB)
Extracting: F:\sources\replacementmanifests\terminalservices-sbmgr-snapin-non_msil-replacement.man (786 bytes)
Extracting: F:\sources\replacementmanifests\usb\usbmigplugin.dll (70.5 KB)
Extracting: F:\sources\replacementmanifests\usbmigplugin-replacement.man (642 bytes)
Extracting: F:\sources\replacementmanifests\virtualdiskservice-repl.man (1.7 KB)
Extracting: F:\sources\replacementmanifests\vssservice-repl.man (4 KB)
Extracting: F:\sources\replacementmanifests\vsssystemprovider-replacement.man (2.9 KB)
Extracting: F:\sources\replacementmanifests\wcf-http-activation-replacement.man (850 bytes)
Extracting: F:\sources\replacementmanifests\wcf-nonhttp-activation-replacement.man (860 bytes)
Extracting: F:\sources\replacementmanifests\windows-markettheme-mctadmin-component-replacement.man (973 bytes)
Extracting: F:\sources\replacementmanifests\windowssearchengine\wsearchmigplugin.dll (56 KB)
Extracting: F:\sources\replacementmanifests\windowssearchengine-replacement.man (5.8 KB)
Extracting: F:\sources\replacementmanifests\wmdmigration-replacement.man (4 KB)
Extracting: F:\sources\replacementmanifests\wmi-core-replacement.man (1.8 KB)
Extracting: F:\sources\replacementmanifests\wsrm-service-replacement.man (2.1 KB)
Extracting: F:\sources\rmsupg.dll (47 KB)
Extracting: F:\sources\rollback.exe (106.5 KB)
Extracting: F:\sources\schema.dat (88 KB)
Extracting: F:\sources\sdbapiu.dll (101 KB)
Extracting: F:\sources\segoeui.ttf (505.3 KB)
Extracting: F:\sources\servicing\0.0.0.1\xmllite.dll (176 KB)
Extracting: F:\sources\servicingstackmisc\apds.dll (1.7 MB)
Extracting: F:\sources\servicingstackmisc\apircl.dll (218.5 KB)
Extracting: F:\sources\servicingstackmisc\apss.dll (196.5 KB)
Extracting: F:\sources\setup.exe (239.5 KB)
Extracting: F:\sources\sfcn.dat (1.8 KB)
Extracting: F:\sources\sflcid.dat (1.6 KB)
Extracting: F:\sources\sflistlh.dat (3.1 MB)
Extracting: F:\sources\sflistw7.dat (2 MB)
Extracting: F:\sources\sflistxp.dat (1.4 MB)
Extracting: F:\sources\sfpat.inf (10.2 KB)
Extracting: F:\sources\sfpatlh.inf (9.4 KB)
Extracting: F:\sources\sfpatpg.inf (462 bytes)
Extracting: F:\sources\sfpatw7.inf (3.3 KB)
Extracting: F:\sources\sfpatxp.inf (4.3 KB)
Extracting: F:\sources\smiengine.dll (681 KB)
Extracting: F:\sources\smipi.dll (96.5 KB)
Extracting: F:\sources\sperr32.exe (120.4 KB)
Extracting: F:\sources\spflvrnt.dll (22.5 KB)
Extracting: F:\sources\spprgrss.dll (53 KB)
Extracting: F:\sources\spwizeng.dll (344.5 KB)
Extracting: F:\sources\spwizimg.dll (8.0 MB)
Extracting: F:\sources\spwizres.dll (7.5 KB)
Extracting: F:\sources\sqmapi.dll (185.5 KB)
Extracting: F:\sources\ssshim.dll (107.5 KB)
Extracting: F:\sources\sysmain.sdb (3.9 MB)
Extracting: F:\sources\uddicomp.dll (43 KB)
Extracting: F:\sources\unattend.dll (197.5 KB)
Extracting: F:\sources\unbcl.dll (719 KB)
Extracting: F:\sources\upgcmi2migxml.dll (160.5 KB)
Extracting: F:\sources\upgcompat.inf (18.6 KB)
Extracting: F:\sources\upgcore.dll (5.5 MB)
Extracting: F:\sources\upgcsiagent.dll (321.5 KB)
Extracting: F:\sources\upgdriver.dll (674.5 KB)
Extracting: F:\sources\upghost.exe (252.5 KB)
Extracting: F:\sources\upgloader.dll (219 KB)
Extracting: F:\sources\upgmxeagent.dll (109 KB)
Extracting: F:\sources\upgrade_bulk.xml (163.8 KB)
Extracting: F:\sources\upgradeagent.dll (2.7 MB)
Extracting: F:\sources\upgradeagent.xml (58.3 KB)
Extracting: F:\sources\upgreport.dll (375.5 KB)
Extracting: F:\sources\upgres.dll (36 KB)
Extracting: F:\sources\upgwow_bulk.xml (91.9 KB)
Extracting: F:\sources\uxlib.dll (116 KB)
Extracting: F:\sources\uxlibres.dll (2.5 KB)
Extracting: F:\sources\vofflps.rtf (63.8 KB)
Extracting: F:\sources\w32uiimg.dll (2.9 MB)
Extracting: F:\sources\w32uires.dll (254.5 KB)
Extracting: F:\sources\warning.gif (597 bytes)
Extracting: F:\sources\wbemcomn.dll (354.5 KB)
Extracting: F:\sources\wbemcore.dll (762 KB)
Extracting: F:\sources\wbemprox.dll (28.5 KB)
Extracting: F:\sources\wcmtypes.xsd (1 KB)
Extracting: F:\sources\wcp.dll (1.8 MB)
Extracting: F:\sources\wdsclient.dll (520.5 KB)
Extracting: F:\sources\wdsclientapi.dll (116 KB)
Extracting: F:\sources\wdscore.dll (185.5 KB)
Extracting: F:\sources\wdscsl.dll (53.5 KB)
Extracting: F:\sources\wdsimage.dll (565.5 KB)
Extracting: F:\sources\wdstptc.dll (119.5 KB)
Extracting: F:\sources\wdsupgcompl.dll (10.5 KB)
Extracting: F:\sources\wdsutil.dll (50 KB)
Extracting: F:\sources\win32ui.dll (423 KB)
Extracting: F:\sources\winsetup.dll (1.7 MB)
Extracting: F:\sources\wmi_tracing.mof (1.6 KB)
Extracting: F:\sources\wmicmiplugin.dll (343 KB)
Extracting: F:\sources\wmiutils.dll (83.5 KB)
Extracting: F:\sources\xmllite.dll (176 KB)
Extracting: F:\support\logging\actionqueueetw.dll (4 KB)
Extracting: F:\support\logging\auditetw.dll (4 KB)
Extracting: F:\support\logging\cmisetupetw.dll (3.5 KB)
Extracting: F:\support\logging\en-us\actionqueueetw.dll.mui (3 KB)
Extracting: F:\support\logging\en-us\auditetw.dll.mui (3 KB)
Extracting: F:\support\logging\en-us\cmisetupetw.dll.mui (4 KB)
Extracting: F:\support\logging\en-us\oobeldretw.dll.mui (3 KB)
Extracting: F:\support\logging\en-us\setupcletw.dll.mui (4.5 KB)
Extracting: F:\support\logging\en-us\setupetw.dll.mui (3.5 KB)
Extracting: F:\support\logging\en-us\setupugcetw.dll.mui (3 KB)
Extracting: F:\support\logging\en-us\sysprepetw.dll.mui (3 KB)
Extracting: F:\support\logging\en-us\windeployetw.dll.mui (3 KB)
Extracting: F:\support\logging\en-us\winsetupetw.dll.mui (50.5 KB)
Extracting: F:\support\logging\etwproviderinstall.vbs (6.7 KB)
Extracting: F:\support\logging\microsoft-windows-actionqueue-instrumentation.man (5.7 KB)
Extracting: F:\support\logging\microsoft-windows-audit-instrumentation.man (6.6 KB)
Extracting: F:\support\logging\microsoft-windows-cmisetup-instrumentation.man (6.2 KB)
Extracting: F:\support\logging\microsoft-windows-oobeldr-instrumentation.man (7.6 KB)
Extracting: F:\support\logging\microsoft-windows-setup-events.man (10.1 KB)
Extracting: F:\support\logging\microsoft-windows-setup-instrumentation.man (8.1 KB)
Extracting: F:\support\logging\microsoft-windows-setupcl-instrumentation.man (10.6 KB)
Extracting: F:\support\logging\microsoft-windows-setupugc-instrumentation.man (6.6 KB)
Extracting: F:\support\logging\microsoft-windows-sysprep-instrumentation.man (6 KB)
Extracting: F:\support\logging\microsoft-windows-windeploy-instrumentation.man (6.6 KB)
Extracting: F:\support\logging\oobeldretw.dll (4 KB)
Extracting: F:\support\logging\setupcletw.dll (5.5 KB)
Extracting: F:\support\logging\setupetw.dll (5 KB)
Extracting: F:\support\logging\setupugcetw.dll (4 KB)
Extracting: F:\support\logging\sysprepetw.dll (4 KB)
Extracting: F:\support\logging\windeployetw.dll (3.5 KB)
Extracting: F:\support\logging\winsetupetw.dll (6.5 KB)
Extracting: F:\support\migwiz\cable\cableinst.exe (10.5 KB)
Extracting: F:\support\migwiz\cable\migautoplay.reg (4.8 KB)
Extracting: F:\support\migwiz\cmi2migxml.dll (161 KB)
Extracting: F:\support\migwiz\csiagent.dll (450.5 KB)
Extracting: F:\support\migwiz\en-us\input.dll.mui (23.5 KB)
Extracting: F:\support\migwiz\en-us\migautoplay.exe.mui (2 KB)
Extracting: F:\support\migwiz\en-us\migres.dll.mui (7 KB)
Extracting: F:\support\migwiz\en-us\migsetup.exe.mui (3.5 KB)
Extracting: F:\support\migwiz\en-us\migwiz.exe.mui (2 KB)
Extracting: F:\support\migwiz\en-us\postmig.exe.mui (21 KB)
Extracting: F:\support\migwiz\en-us\svrmig.dll.mui (2.5 KB)
Extracting: F:\support\migwiz\en-us\wet.dll.mui (89 KB)
Extracting: F:\support\migwiz\imjpmig.dll (34.5 KB)
Extracting: F:\support\migwiz\imkrmig.dll (39 KB)
Extracting: F:\support\migwiz\imscmig.dll (32 KB)
Extracting: F:\support\migwiz\imtcmig.dll (22 KB)
Extracting: F:\support\migwiz\input.dll (197.5 KB)
Extracting: F:\support\migwiz\installsvrmig.cmd (1.5 KB)
Extracting: F:\support\migwiz\migapp.xml (543 KB)
Extracting: F:\support\migwiz\migautoplay.exe (89.4 KB)
Extracting: F:\support\migwiz\migcore.dll (5.5 MB)
Extracting: F:\support\migwiz\migfiles.dat (324 bytes)
Extracting: F:\support\migwiz\mighost.exe (252.5 KB)
Extracting: F:\support\migwiz\migisol.dll (99.5 KB)
Extracting: F:\support\migwiz\migres.dll (7 KB)
Extracting: F:\support\migwiz\migsetup.exe (152.8 KB)
Extracting: F:\support\migwiz\migstore.dll (872 KB)
Extracting: F:\support\migwiz\migsys.dll (275.5 KB)
Extracting: F:\support\migwiz\migwiz.exe (419 KB)
Extracting: F:\support\migwiz\msctfmig.dll (152.5 KB)
Extracting: F:\support\migwiz\mxeagent.dll (219 KB)
Extracting: F:\support\migwiz\postmig.exe (621.5 KB)
Extracting: F:\support\migwiz\postmigres\data\hardwarevendors.xml (984 bytes)
Extracting: F:\support\migwiz\postmigres\web\base_images\appinstalled.gif (1 KB)
Extracting: F:\support\migwiz\postmigres\web\base_images\clickdownexpanded.gif (1.1 KB)
Extracting: F:\support\migwiz\postmigres\web\base_images\clickdownnormal.gif (1.1 KB)
Extracting: F:\support\migwiz\postmigres\web\base_images\column.bmp (18.2 KB)
Extracting: F:\support\migwiz\postmigres\web\base_images\documents.gif (1.1 KB)
Extracting: F:\support\migwiz\postmigres\web\base_images\failure.gif (1.9 KB)
Extracting: F:\support\migwiz\postmigres\web\base_images\programs.gif (2.3 KB)
Extracting: F:\support\migwiz\postmigres\web\base_images\system.gif (1.9 KB)
Extracting: F:\support\migwiz\postmigres\web\base_images\users.gif (2.1 KB)
Extracting: F:\support\migwiz\postmigres\web\base_images\windowsmail.bmp (4.1 KB)
Extracting: F:\support\migwiz\postmigres\web\base_images\windowsmoviemaker.bmp (4.1 KB)
Extracting: F:\support\migwiz\postmigres\web\base_images\windowsoutlookexpress.bmp (4.1 KB)
Extracting: F:\support\migwiz\postmigres\web\base_images\windowsphotogallery.bmp (4.1 KB)
Extracting: F:\support\migwiz\postmigres\web\reportapi.js (18.9 KB)
Extracting: F:\support\migwiz\segoeui.ttf (402.9 KB)
Extracting: F:\support\migwiz\sfcn.dat (1.8 KB)
Extracting: F:\support\migwiz\sflcid.dat (1.6 KB)
Extracting: F:\support\migwiz\sflistlh.dat (3.1 MB)
Extracting: F:\support\migwiz\sflistw7.dat (2 MB)
Extracting: F:\support\migwiz\sflistxp.dat (1.4 MB)
Extracting: F:\support\migwiz\sfpat.inf (10.2 KB)
Extracting: F:\support\migwiz\sfpatlh.inf (9.4 KB)
Extracting: F:\support\migwiz\sfpatpg.inf (462 bytes)
Extracting: F:\support\migwiz\sfpatw7.inf (3.3 KB)
Extracting: F:\support\migwiz\sfpatxp.inf (4.3 KB)
Extracting: F:\support\migwiz\svrmig.dll (504.5 KB)
Extracting: F:\support\migwiz\svrmigtest.dll (54 KB)
Extracting: F:\support\migwiz\tabletextservicemig.dll (31 KB)
Extracting: F:\support\migwiz\unbcl.dll (719 KB)
Extracting: F:\support\migwiz\wdscore.dll (185.5 KB)
Extracting: F:\support\migwiz\wet.dll (8.4 MB)
Extracting: F:\support\tools\gbunicnv.exe (31 KB)
Extracting: F:\upgrade\netfx\netfx.msi (5.6 MB)
Extracting: F:\upgrade\netfx\netfx.msp (18.3 MB)
Extracting: F:\upgrade\netfx\netfx1.cab (16.1 MB)
Extracting: F:\upgrade\netfx\netfxupdate.exe (72 KB)
Finalizing, please wait...
F:autorun.inf already exists - keeping it
NTFS Fixup (Checkdisk)...
Volume label is GRMCULFRER_EN_DVD.

Stage 1: Examining basic file system structure ...
  1280 file records processed.
File verification completed.
 Phase duration (File record verification): 103.68 milliseconds.
  0 large file records processed.
 Phase duration (Orphan file record recovery): 1.84 milliseconds.
  0 bad file records processed.
 Phase duration (Bad file record checking): 1.59 milliseconds.

Stage 2: Examining file name linkage ...
  1702 index entries processed.
Index verification completed.
 Phase duration (Index verification): 341.28 milliseconds.
 Phase duration (Orphan reconnection): 1.16 milliseconds.
 Phase duration (Orphan recovery to lost and found): 0.15 milliseconds.
  0 reparse records processed.
  0 reparse records processed.
 Phase duration (Reparse point and Object ID verification): 4.27 milliseconds.

Stage 3: Examining security descriptors ...
Security descriptor verification completed.
 Phase duration (Security descriptor verification): 15.16 milliseconds.
  211 data files processed.
 Phase duration (Data attribute verification): 1.49 milliseconds.

Windows has scanned the file system and found no problems.
No further action is required.

  15666175 KB total disk space.
   2539644 KB in 882 files.
       308 KB in 213 indexes.
     25343 KB in use by the system.
     23168 KB occupied by the log file.
  13100880 KB available on disk.
      4096 bytes in each allocation unit.
   3916543 total allocation units on disk.
   3275220 allocation units available on disk.
Total duration: 473.84 milliseconds (473 ms).
NTFS Fixup completed.

Found USB 2.0 device 'hp v165w USB Device' (03F0:5307)
Found UAS (USB 3.0) device 'ST350041 3AS SCSI Disk Device' (7825:A2A4)
Device eliminated because it was detected as a Hard Drive (score 13 > 0)
If this device is not a Hard Drive, please e-mail the author of this application
NOTE: You can enable the listing of Hard Drives under 'advanced drive properties'
1 device found
Disk type: Removable, Disk size: 16 GB, Sector size: 512 bytes
Cylinders: 1950, Tracks per cylinder: 255, Sectors per track: 63
Partition type: MBR, NB Partitions: 1
Disk ID: 0x08E8D88B
Drive has a Rufus Master Boot Record
Partition 1:
  Type: NTFS (0x07)
  Size: 14.9 GB (16042164224 bytes)
  Start Sector: 2048, Boot: Yes
